2023/06/01 17:49:00 C:/Documents/sales-prospects/Sales-Prospects/main.go:40: ----- Start... -----
2023/06/01 17:49:00 C:/Documents/sales-prospects/Sales-Prospects/main.go:200: ----- Completed!!! -----
2023/06/01 17:49:01 C:/Documents/sales-prospects/Sales-Prospects/main.go:200: ----- Completed!!! -----
2023/06/01 17:49:01 C:/Documents/sales-prospects/Sales-Prospects/main.go:200: ----- Completed!!! -----
2023/06/01 17:49:01 C:/Documents/sales-prospects/Sales-Prospects/main.go:200: ----- Completed!!! -----
2023/06/01 17:49:01 C:/Documents/sales-prospects/Sales-Prospects/main.go:200: ----- Completed!!! -----
2023/06/01 17:49:02 C:/Documents/sales-prospects/Sales-Prospects/main.go:200: ----- Completed!!! -----
2023/06/01 17:49:02 C:/Documents/sales-prospects/Sales-Prospects/main.go:200: ----- Completed!!! -----
2023/06/01 17:49:58 C:/Documents/sales-prospects/Sales-Prospects/main.go:39: ----- Start... -----
2023/06/01 17:49:58 C:/Documents/sales-prospects/Sales-Prospects/main.go:196: ----- Completed!!! -----
2023/06/01 17:49:59 C:/Documents/sales-prospects/Sales-Prospects/main.go:196: ----- Completed!!! -----
2023/06/01 17:49:59 C:/Documents/sales-prospects/Sales-Prospects/main.go:196: ----- Completed!!! -----
2023/06/01 17:49:59 C:/Documents/sales-prospects/Sales-Prospects/main.go:196: ----- Completed!!! -----
2023/06/01 17:49:59 C:/Documents/sales-prospects/Sales-Prospects/main.go:196: ----- Completed!!! -----
2023/06/01 17:50:00 C:/Documents/sales-prospects/Sales-Prospects/main.go:196: ----- Completed!!! -----
2023/06/01 17:50:00 C:/Documents/sales-prospects/Sales-Prospects/main.go:196: ----- Completed!!! -----
2023/06/01 17:51:01 C:/Documents/sales-prospects/Sales-Prospects/main.go:39: ----- Start... -----
2023/06/01 17:51:01 C:/Documents/sales-prospects/Sales-Prospects/main.go:196: MBR ----- Completed!!! -----
2023/06/01 17:51:01 C:/Documents/sales-prospects/Sales-Prospects/main.go:196: MMX ----- Completed!!! -----
2023/06/01 17:51:01 C:/Documents/sales-prospects/Sales-Prospects/main.go:196: MCL ----- Completed!!! -----
2023/06/01 17:51:02 C:/Documents/sales-prospects/Sales-Prospects/main.go:196: MAR ----- Completed!!! -----
2023/06/01 17:51:02 C:/Documents/sales-prospects/Sales-Prospects/main.go:196: MLA ----- Completed!!! -----
2023/06/01 17:51:02 C:/Documents/sales-prospects/Sales-Prospects/main.go:196: MPE ----- Completed!!! -----
2023/06/01 17:51:03 C:/Documents/sales-prospects/Sales-Prospects/main.go:196: MCO ----- Completed!!! -----
2023/06/01 17:51:31 ----- Start... -----
2023/06/01 17:51:31 MBR ----- Completed!!! -----
2023/06/01 17:51:32 MMX ----- Completed!!! -----
2023/06/01 17:51:32 MCL ----- Completed!!! -----
2023/06/01 17:51:32 MAR ----- Completed!!! -----
2023/06/01 17:51:33 MLA ----- Completed!!! -----
2023/06/01 17:51:33 MPE ----- Completed!!! -----
2023/06/01 17:51:33 MCO ----- Completed!!! -----
2023/06/01 17:51:46     ----- Start... -----
2023/06/01 17:51:47 MBR ----- Completed!!! -----
2023/06/01 17:51:47 MMX ----- Completed!!! -----
2023/06/01 17:51:47 MCL ----- Completed!!! -----
2023/06/01 17:51:47 MAR ----- Completed!!! -----
2023/06/01 17:51:48 MLA ----- Completed!!! -----
2023/06/01 17:51:48 MPE ----- Completed!!! -----
2023/06/01 17:51:48 MCO ----- Completed!!! -----
2023/06/01 17:52:05     -----   Start...   -----
2023/06/01 17:52:05 MBR ----- Completed!!! -----
2023/06/01 17:52:05 MMX ----- Completed!!! -----
2023/06/01 17:52:06 MCL ----- Completed!!! -----
2023/06/01 17:52:06 MAR ----- Completed!!! -----
2023/06/01 17:52:06 MLA ----- Completed!!! -----
2023/06/01 17:52:07 MPE ----- Completed!!! -----
2023/06/01 17:52:07 MCO ----- Completed!!! -----
2023/06/01 17:54:42     -----   Start...   -----
2023/06/01 17:54:42 MBR ----- Completed!!! -----
2023/06/01 17:54:42 MMX ----- Completed!!! -----
2023/06/01 17:54:42 MCL ----- Completed!!! -----
2023/06/01 17:54:43 MAR ----- Completed!!! -----
2023/06/01 17:54:43 MLA ----- Completed!!! -----
2023/06/01 17:54:43 MPE ----- Completed!!! -----
2023/06/01 17:54:44 MCO ----- Completed!!! -----
2023/06/01 17:54:44 -----   ALL Completed!   -----
2023/06/01 17:54:55     -----   Start...   -----
2023/06/01 17:54:56 MBR ----- Completed!!! -----
2023/06/01 17:54:56 MMX ----- Completed!!! -----
2023/06/01 17:54:56 MCL ----- Completed!!! -----
2023/06/01 17:54:57 MAR ----- Completed!!! -----
2023/06/01 17:54:57 MLA ----- Completed!!! -----
2023/06/01 17:54:57 MPE ----- Completed!!! -----
2023/06/01 17:54:57 MCO ----- Completed!!! -----
2023/06/01 17:54:57 ----- ALL Completed! -----
2023/06/01 17:55:06     -----   Start...   -----
2023/06/01 17:55:06 MBR ----- Completed!!! -----
2023/06/01 17:55:06 MMX ----- Completed!!! -----
2023/06/01 17:55:07 MCL ----- Completed!!! -----
2023/06/01 17:55:07 MAR ----- Completed!!! -----
2023/06/01 17:55:07 MLA ----- Completed!!! -----
2023/06/01 17:55:07 MPE ----- Completed!!! -----
2023/06/01 17:55:08 MCO ----- Completed!!! -----
2023/06/01 17:55:08    ----- ALL Completed! -----
2023/06/01 17:55:34     -----   Start...   -----
2023/06/01 17:55:34 MBR ----- Completed!!! -----
2023/06/01 17:55:35 MMX ----- Completed!!! -----
2023/06/01 17:55:35 MCL ----- Completed!!! -----
2023/06/01 17:55:35 MAR ----- Completed!!! -----
2023/06/01 17:55:35 MLA ----- Completed!!! -----
2023/06/01 17:55:36 MPE ----- Completed!!! -----
2023/06/01 17:55:36 MCO ----- Completed!!! -----
2023/06/01 17:55:36    ----- ALL Completed -----
2023/06/01 17:56:47     -----   Start...   -----
2023/06/01 17:56:48 -----MBRRegistered -----
2023/06/01 17:56:48 -----MMXRegistered -----
2023/06/01 17:56:48 -----MCLRegistered -----
2023/06/01 17:56:49 -----MARRegistered -----
2023/06/01 17:56:49 -----MLARegistered -----
2023/06/01 17:56:49 -----MPERegistered -----
2023/06/01 17:56:49 -----MCORegistered -----
2023/06/01 17:56:49    ----- ALL Completed -----
2023/06/01 17:57:00     -----   Start...   -----
2023/06/01 17:57:00 ----- MBRRegistered -----
2023/06/01 17:57:01 ----- MMXRegistered -----
2023/06/01 17:57:01 ----- MCLRegistered -----
2023/06/01 17:57:01 ----- MARRegistered -----
2023/06/01 17:57:02 ----- MLARegistered -----
2023/06/01 17:57:02 ----- MPERegistered -----
2023/06/01 17:57:02 ----- MCORegistered -----
2023/06/01 17:57:02    ----- ALL Completed -----
2023/06/01 17:57:19     -----   Start...   -----
2023/06/01 17:57:19 ----- MBR Registered -----
2023/06/01 17:57:19 ----- MMX Registered -----
2023/06/01 17:57:20 ----- MCL Registered -----
2023/06/01 17:57:20 ----- MAR Registered -----
2023/06/01 17:57:20 ----- MLA Registered -----
2023/06/01 17:57:21 ----- MPE Registered -----
2023/06/01 17:57:21 ----- MCO Registered -----
2023/06/01 17:57:21    ----- ALL Completed -----
2023/06/01 17:57:36     -----   Start...   -----
2023/06/01 17:57:37 ----- MBR Registered -----
2023/06/01 17:57:37 ----- MMX Registered -----
2023/06/01 17:57:37 ----- MCL Registered -----
2023/06/01 17:57:38 ----- MAR Registered -----
2023/06/01 17:57:38 ----- MLA Registered -----
2023/06/01 17:57:38 ----- MPE Registered -----
2023/06/01 17:57:38 ----- MCO Registered -----
2023/06/01 17:57:38 ----- ALL Completed!! -----
2023/06/01 17:58:03     -----   Start...   -----
2023/06/01 17:58:03 ----- MBR Registered -----
2023/06/01 17:58:03 ----- MMX Registered -----
2023/06/01 17:58:03 ----- MCL Registered -----
2023/06/01 17:58:04 ----- MAR Registered -----
2023/06/01 17:58:04 ----- MLA Registered -----
2023/06/01 17:58:04 ----- MPE Registered -----
2023/06/01 17:58:05 ----- MCO Registered -----
2023/06/01 17:58:05 ----- ALL Completed! -----
2023/06/01 17:58:10 ----- Start... -----
2023/06/01 17:58:11 ----- MBR Registered -----
2023/06/01 17:58:11 ----- MMX Registered -----
2023/06/01 17:58:11 ----- MCL Registered -----
2023/06/01 17:58:12 ----- MAR Registered -----
2023/06/01 17:58:12 ----- MLA Registered -----
2023/06/01 17:58:12 ----- MPE Registered -----
2023/06/01 17:58:12 ----- MCO Registered -----
2023/06/01 17:58:12 ----- ALL Completed! -----
2023/06/01 17:58:23 -----   Start...   -----
2023/06/01 17:58:23 ----- MBR Registered -----
2023/06/01 17:58:24 ----- MMX Registered -----
2023/06/01 17:58:24 ----- MCL Registered -----
2023/06/01 17:58:24 ----- MAR Registered -----
2023/06/01 17:58:24 ----- MLA Registered -----
2023/06/01 17:58:25 ----- MPE Registered -----
2023/06/01 17:58:25 ----- MCO Registered -----
2023/06/01 17:58:25 ----- ALL Completed! -----
2023/06/01 17:58:31 -----    Start...    -----
2023/06/01 17:58:31 ----- MBR Registered -----
2023/06/01 17:58:32 ----- MMX Registered -----
2023/06/01 17:58:32 ----- MCL Registered -----
2023/06/01 17:58:32 ----- MAR Registered -----
2023/06/01 17:58:33 ----- MLA Registered -----
2023/06/01 17:58:33 ----- MPE Registered -----
2023/06/01 17:58:33 ----- MCO Registered -----
2023/06/01 17:58:33 ----- ALL Completed! -----
2023/06/27 15:03:26 -----    Start...    -----
2023/06/27 15:03:26 ----- MBR Registered -----
2023/06/27 15:03:27 ----- MMX Registered -----
2023/06/27 15:03:27 ----- MCL Registered -----
2023/06/27 15:03:27 ----- MAR Registered -----
2023/06/27 15:03:28 ----- MLA Registered -----
2023/06/27 15:03:28 ----- MPE Registered -----
2023/06/27 15:03:28 ----- MCO Registered -----
2023/06/27 15:03:28 ----- ALL Completed! -----
2023/06/27 15:05:27 -----    Start...    -----
2023/06/27 15:05:27 ----- MBR Registered -----
2023/06/27 15:05:27 ----- MMX Registered -----
2023/06/27 15:05:27 ----- MCL Registered -----
2023/06/27 15:05:28 ----- MAR Registered -----
2023/06/27 15:05:28 ----- MLA Registered -----
2023/06/27 15:05:28 ----- MPE Registered -----
2023/06/27 15:05:28 ----- MCO Registered -----
2023/06/27 15:05:28 ----- ALL Completed! -----
2023/06/27 15:09:17 -----    Start...    -----
2023/06/27 15:09:18 ----- MBR Registered -----
2023/06/27 15:09:18 ----- MMX Registered -----
2023/06/27 15:09:18 ----- MCL Registered -----
2023/06/27 15:09:18 ----- MAR Registered -----
2023/06/27 15:09:19 ----- MLA Registered -----
2023/06/27 15:09:19 ----- MPE Registered -----
2023/06/27 15:09:19 ----- MCO Registered -----
2023/06/27 15:09:19 ----- ALL Completed! -----
2023/06/27 15:24:23 -----    Start...    -----
2023/06/27 15:24:23 ----- MAR Registered -----
2023/06/27 15:24:24 ----- MLA Registered -----
2023/06/27 15:24:24 ----- MPE Registered -----
2023/06/27 15:24:24 ----- MCO Registered -----
2023/06/27 17:22:06 -----    Start...    -----
2023/06/27 17:22:06 open Summary.xlsx: The process cannot access the file because it is being used by another process.
2023/06/27 17:22:06 ----- MBR Registered -----
2023/06/27 17:22:06 open Summary.xlsx: The process cannot access the file because it is being used by another process.
2023/06/27 17:22:06 ----- MMX Registered -----
2023/06/27 17:22:07 open Summary.xlsx: The process cannot access the file because it is being used by another process.
2023/06/27 17:22:07 ----- MCL Registered -----
2023/06/27 17:22:07 open Summary.xlsx: The process cannot access the file because it is being used by another process.
2023/06/27 17:22:07 ----- MAR Registered -----
2023/06/27 17:22:07 open Summary.xlsx: The process cannot access the file because it is being used by another process.
2023/06/27 17:22:07 ----- MLA Registered -----
2023/06/27 17:22:07 open Summary.xlsx: The process cannot access the file because it is being used by another process.
2023/06/27 17:22:07 ----- MPE Registered -----
2023/06/27 17:22:07 open Summary.xlsx: The process cannot access the file because it is being used by another process.
2023/06/27 17:22:07 ----- MCO Registered -----
2023/06/27 17:22:07 ----- ALL Completed! -----
2023/06/27 17:22:20 -----    Start...    -----
2023/06/27 17:22:20 ----- MBR Registered -----
2023/06/27 17:22:21 ----- MMX Registered -----
2023/06/27 17:22:21 ----- MCL Registered -----
2023/06/27 17:22:21 ----- MAR Registered -----
2023/06/27 17:22:21 ----- MLA Registered -----
2023/06/27 17:22:22 ----- MPE Registered -----
2023/06/27 17:22:22 ----- MCO Registered -----
2023/06/27 17:22:22 ----- ALL Completed! -----
2023/06/27 17:24:40 -----    Start...    -----
2023/06/27 17:24:41 open Summary.xlsx: The process cannot access the file because it is being used by another process.
2023/06/27 17:24:41 ----- MBR Registered -----
2023/06/27 17:24:41 open Summary.xlsx: The process cannot access the file because it is being used by another process.
2023/06/27 17:24:41 ----- MMX Registered -----
2023/06/27 17:24:41 open Summary.xlsx: The process cannot access the file because it is being used by another process.
2023/06/27 17:24:41 ----- MCL Registered -----
2023/06/27 17:24:41 open Summary.xlsx: The process cannot access the file because it is being used by another process.
2023/06/27 17:24:41 ----- MAR Registered -----
2023/06/27 17:24:41 open Summary.xlsx: The process cannot access the file because it is being used by another process.
2023/06/27 17:24:41 ----- MLA Registered -----
2023/06/27 17:24:41 open Summary.xlsx: The process cannot access the file because it is being used by another process.
2023/06/27 17:24:41 ----- MPE Registered -----
2023/06/27 17:24:41 open Summary.xlsx: The process cannot access the file because it is being used by another process.
2023/06/27 17:24:41 ----- MCO Registered -----
2023/06/27 17:24:41 ----- ALL Completed! -----
2023/06/27 17:24:47 -----    Start...    -----
2023/06/27 17:24:47 ----- MBR Registered -----
2023/06/27 17:24:48 ----- MMX Registered -----
2023/06/27 17:24:48 ----- MCL Registered -----
2023/06/27 17:24:48 ----- MAR Registered -----
2023/06/27 17:24:48 ----- MLA Registered -----
2023/06/27 17:24:49 ----- MPE Registered -----
2023/06/27 17:24:49 ----- MCO Registered -----
2023/06/27 17:24:49 ----- ALL Completed! -----
2023/06/27 17:26:07 -----    Start...    -----
2023/06/27 17:26:07 ----- MBR Registered -----
2023/06/27 17:26:08 ----- MMX Registered -----
2023/06/27 17:26:08 ----- MCL Registered -----
2023/06/27 17:26:08 ----- MAR Registered -----
2023/06/27 17:26:08 ----- MLA Registered -----
2023/06/27 17:26:09 ----- MPE Registered -----
2023/06/27 17:26:09 ----- MCO Registered -----
2023/06/27 17:26:09 ----- ALL Completed! -----
2023/06/27 17:27:41 -----    Start...    -----
2023/06/27 17:27:41 open Summary.xlsx: The process cannot access the file because it is being used by another process.
2023/06/27 17:27:41 ----- MBR Registered -----
2023/06/27 17:27:41 open Summary.xlsx: The process cannot access the file because it is being used by another process.
2023/06/27 17:27:41 ----- MMX Registered -----
2023/06/27 17:27:41 open Summary.xlsx: The process cannot access the file because it is being used by another process.
2023/06/27 17:27:41 ----- MCL Registered -----
2023/06/27 17:27:41 open Summary.xlsx: The process cannot access the file because it is being used by another process.
2023/06/27 17:27:41 ----- MAR Registered -----
2023/06/27 17:27:41 open Summary.xlsx: The process cannot access the file because it is being used by another process.
2023/06/27 17:27:41 ----- MLA Registered -----
2023/06/27 17:27:42 open Summary.xlsx: The process cannot access the file because it is being used by another process.
2023/06/27 17:27:42 ----- MPE Registered -----
2023/06/27 17:27:42 open Summary.xlsx: The process cannot access the file because it is being used by another process.
2023/06/27 17:27:42 ----- MCO Registered -----
2023/06/27 17:27:42 ----- ALL Completed! -----
2023/06/27 17:27:48 -----    Start...    -----
2023/06/27 17:27:49 ----- MBR Registered -----
2023/06/27 17:27:49 ----- MMX Registered -----
2023/06/27 17:27:49 ----- MCL Registered -----
2023/06/27 17:27:50 ----- MAR Registered -----
2023/06/27 17:27:50 ----- MLA Registered -----
2023/06/27 17:27:50 ----- MPE Registered -----
2023/06/27 17:27:51 ----- MCO Registered -----
2023/06/27 17:27:51 ----- ALL Completed! -----
2023/06/27 17:29:03 -----    Start...    -----
2023/06/27 17:29:03 ----- MBR Registered -----
2023/06/27 17:29:04 ----- MMX Registered -----
2023/06/27 17:29:04 ----- MCL Registered -----
2023/06/27 17:29:04 ----- MAR Registered -----
2023/06/27 17:29:05 ----- MLA Registered -----
2023/06/27 17:29:05 ----- MPE Registered -----
2023/06/27 17:29:05 ----- MCO Registered -----
2023/06/27 17:29:05 ----- ALL Completed! -----
2023/06/27 17:30:18 -----    Start...    -----
2023/06/27 17:30:18 open Summary.xlsx: The process cannot access the file because it is being used by another process.
2023/06/27 17:30:18 ----- MBR Registered -----
2023/06/27 17:30:18 open Summary.xlsx: The process cannot access the file because it is being used by another process.
2023/06/27 17:30:18 ----- MMX Registered -----
2023/06/27 17:30:19 open Summary.xlsx: The process cannot access the file because it is being used by another process.
2023/06/27 17:30:19 ----- MCL Registered -----
2023/06/27 17:30:19 open Summary.xlsx: The process cannot access the file because it is being used by another process.
2023/06/27 17:30:19 ----- MAR Registered -----
2023/06/27 17:30:19 open Summary.xlsx: The process cannot access the file because it is being used by another process.
2023/06/27 17:30:19 ----- MLA Registered -----
2023/06/27 17:30:19 open Summary.xlsx: The process cannot access the file because it is being used by another process.
2023/06/27 17:30:19 ----- MPE Registered -----
2023/06/27 17:30:19 open Summary.xlsx: The process cannot access the file because it is being used by another process.
2023/06/27 17:30:19 ----- MCO Registered -----
2023/06/27 17:30:19 ----- ALL Completed! -----
2023/06/27 17:30:24 -----    Start...    -----
2023/06/27 17:30:24 ----- MBR Registered -----
2023/06/27 17:30:25 ----- MMX Registered -----
2023/06/27 17:30:25 ----- MCL Registered -----
2023/06/27 17:30:25 ----- MAR Registered -----
2023/06/27 17:30:25 ----- MLA Registered -----
2023/06/27 17:30:26 ----- MPE Registered -----
2023/06/27 17:30:26 ----- MCO Registered -----
2023/06/27 17:30:26 ----- ALL Completed! -----
2023/06/27 17:30:36 -----    Start...    -----
2023/06/27 17:30:36 ----- MBR Registered -----
2023/06/27 17:30:36 ----- MMX Registered -----
2023/06/27 17:30:37 ----- MCL Registered -----
2023/06/27 17:30:37 ----- MAR Registered -----
2023/06/27 17:30:37 ----- MLA Registered -----
2023/06/27 17:30:37 ----- MPE Registered -----
2023/06/27 17:30:38 ----- MCO Registered -----
2023/06/27 17:30:38 ----- ALL Completed! -----
2023/06/27 18:16:24 -----    Start...    -----
2023/06/27 18:16:25 ----- MAR Registered -----
2023/06/27 18:16:25 ----- MLA Registered -----
2023/06/27 18:16:25 ----- MPE Registered -----
2023/06/27 18:16:25 ----- MCO Registered -----
2023/06/27 18:22:33 -----    Start...    -----
2023/06/27 18:22:34 ----- MAR Registered -----
2023/06/27 18:22:34 ----- MAR Registered -----
2023/06/27 18:22:34 ----- MAR Registered -----
2023/06/27 18:22:34 ----- MAR Registered -----
2023/06/27 18:22:35 ----- MLA Registered -----
2023/06/27 18:22:35 ----- MLA Registered -----
2023/06/27 18:22:35 ----- MLA Registered -----
2023/06/27 18:22:35 ----- MLA Registered -----
2023/06/27 18:22:36 ----- MLA Registered -----
2023/06/27 18:22:36 ----- MLA Registered -----
2023/06/27 18:22:36 ----- MLA Registered -----
2023/06/27 18:22:37 ----- MPE Registered -----
2023/06/27 18:22:37 ----- MPE Registered -----
2023/06/27 18:22:37 ----- MPE Registered -----
2023/06/27 18:22:37 ----- MPE Registered -----
2023/06/27 18:22:38 ----- MPE Registered -----
2023/06/27 18:22:38 ----- MPE Registered -----
2023/06/27 18:22:38 ----- MPE Registered -----
2023/06/27 18:22:38 ----- MCO Registered -----
2023/06/27 18:22:39 ----- MCO Registered -----
2023/06/27 18:22:39 ----- MCO Registered -----
2023/06/27 18:22:39 ----- MCO Registered -----
2023/06/27 18:22:39 ----- MCO Registered -----
2023/06/27 18:22:40 ----- MCO Registered -----
2023/06/27 18:22:40 ----- MCO Registered -----
2023/06/27 18:26:22 -----    Start...    -----
2023/06/27 18:26:22 zip: not a valid zip file
2023/06/27 18:26:31 -----    Start...    -----
2023/06/27 18:26:31 zip: not a valid zip file
2023/06/27 18:29:46 -----    Start...    -----
2023/06/27 18:29:47 ----- MAR Registered -----
2023/06/27 18:29:47 ----- MLA Registered -----
2023/06/27 18:29:47 ----- MPE Registered -----
2023/06/27 18:29:48 ----- MCO Registered -----
2023/06/27 18:30:58 -----    Start...    -----
2023/06/27 18:30:58 ----- MAR Registered -----
2023/06/27 18:30:58 ----- MLA Registered -----
2023/06/27 18:30:59 ----- MPE Registered -----
2023/06/27 18:30:59 ----- MCO Registered -----
2023/06/27 18:35:35 -----    Start...    -----
2023/06/27 18:35:36 ----- MAR Registered -----
2023/06/27 18:35:36 ----- MLA Registered -----
2023/06/27 18:35:36 ----- MPE Registered -----
2023/06/27 18:35:36 ----- MCO Registered -----
2023/06/28 08:26:41 -----    Start...    -----
2023/06/28 08:26:41 ----- MAR Registered -----
2023/06/28 08:26:41 ----- MLA Registered -----
2023/06/28 08:26:42 ----- MPE Registered -----
2023/06/28 08:26:42 ----- MCO Registered -----
2023/06/28 08:37:45 -----    Start...    -----
2023/06/28 08:37:45 ----- MAR Registered -----
2023/06/28 08:37:45 ----- MLA Registered -----
2023/06/28 08:37:45 ----- MPE Registered -----
2023/06/28 08:37:46 ----- MCO Registered -----
2023/06/28 08:38:44 -----    Start...    -----
2023/06/28 08:38:44 ----- MAR Registered -----
2023/06/28 08:38:44 ----- MLA Registered -----
2023/06/28 08:38:45 ----- MPE Registered -----
2023/06/28 08:38:45 ----- MCO Registered -----
2023/06/28 09:56:03 -----    Start...    -----
2023/06/28 09:56:03 zip: not a valid zip file
2023/06/28 09:59:47 -----    Start...    -----
2023/06/28 09:59:47 ----- ALL Completed! -----
2023/06/28 09:59:50 ----- ALL Completed! -----
2023/06/28 09:59:53 ----- ALL Completed! -----
2023/06/28 09:59:56 open Summary.xlsx: The process cannot access the file because it is being used by another process.
2023/06/28 09:59:56 ----- MAR Registered -----
2023/06/28 09:59:56 open Summary.xlsx: The process cannot access the file because it is being used by another process.
2023/06/28 09:59:56 ----- MAR Registered -----
2023/06/28 09:59:56 open Summary.xlsx: The process cannot access the file because it is being used by another process.
2023/06/28 09:59:56 ----- MAR Registered -----
2023/06/28 09:59:56 open Summary.xlsx: The process cannot access the file because it is being used by another process.
2023/06/28 09:59:56 ----- MAR Registered -----
2023/06/28 09:59:56 ----- ALL Completed! -----
2023/06/28 09:59:59 ----- ALL Completed! -----
2023/06/28 10:00:02 ----- ALL Completed! -----
2023/06/28 10:00:05 ----- ALL Completed! -----
2023/06/28 10:00:08 ----- ALL Completed! -----
2023/06/28 10:00:11 ----- ALL Completed! -----
2023/06/28 10:00:14 ----- ALL Completed! -----
2023/06/28 10:00:17 ----- ALL Completed! -----
2023/06/28 11:40:24 -----    Start...    -----
2023/06/28 11:40:25 ----- MAR Registered -----
2023/06/28 11:40:25 ----- MAR Registered -----
2023/06/28 11:40:25 ----- MAR Registered -----
2023/06/28 11:40:26 ----- MAR Registered -----
2023/06/28 11:40:26 ----- ALL Completed! -----
2023/06/28 11:41:12 -----    Start...    -----
2023/06/28 11:41:12 ----- MAR Registered -----
2023/06/28 11:41:13 ----- MAR Registered -----
2023/06/28 11:41:13 ----- MAR Registered -----
2023/06/28 11:41:13 ----- MAR Registered -----
2023/06/28 11:41:13 ----- ALL Completed! -----
2023/06/28 11:41:40 Start... 
2023/06/28 11:41:41 ----- MAR Registered -----
2023/06/28 11:41:41 ----- MAR Registered -----
2023/06/28 11:41:41 ----- MAR Registered -----
2023/06/28 11:41:41 ----- MAR Registered -----
2023/06/28 11:41:41 ----- ALL Completed! -----
2023/06/28 11:41:57 Start... 
2023/06/28 11:41:57 ----- MAR Registered -----
2023/06/28 11:41:58 ----- MAR Registered -----
2023/06/28 11:41:58 ----- MAR Registered -----
2023/06/28 11:41:58 ----- MAR Registered -----
2023/06/28 11:41:58 ALL Completed!
2023/06/28 11:46:21 Start... 
2023/06/28 11:46:21 open Summary.xlsx: The process cannot access the file because it is being used by another process.
2023/06/28 11:46:21 ----- MAR06.xlsx Registered -----
2023/06/28 11:46:21 open Summary.xlsx: The process cannot access the file because it is being used by another process.
2023/06/28 11:46:21 ----- MAR06.xlsx Registered -----
2023/06/28 11:46:21 open Summary.xlsx: The process cannot access the file because it is being used by another process.
2023/06/28 11:46:21 ----- MAR06.xlsx Registered -----
2023/06/28 11:46:21 open Summary.xlsx: The process cannot access the file because it is being used by another process.
2023/06/28 11:46:21 ----- MAR06.xlsx Registered -----
2023/06/28 11:46:21 ALL Completed!
2023/06/28 11:46:31 Start... 
2023/06/28 11:46:32 ----- MAR06.xlsx Registered -----
2023/06/28 11:46:32 ----- MAR06.xlsx Registered -----
2023/06/28 11:46:32 ----- MAR06.xlsx Registered -----
2023/06/28 11:46:32 ----- MAR06.xlsx Registered -----
2023/06/28 11:46:32 ALL Completed!
2023/06/28 11:48:49 Start... 
2023/06/28 11:48:49 ----- MLA06.xlsx Registered -----
2023/06/28 11:48:49 ----- MLA06.xlsx Registered -----
2023/06/28 11:48:49 ----- MLA06.xlsx Registered -----
2023/06/28 11:48:49 ALL Completed!
2023/06/28 11:51:25 Start... 
2023/06/28 11:51:25 ----- MBR06.xlsx Registered -----
2023/06/28 11:51:26 ----- MBR06.xlsx Registered -----
2023/06/28 11:51:26 ----- MBR06.xlsx Registered -----
2023/06/28 11:51:26 ----- MBR06.xlsx Registered -----
2023/06/28 11:51:26 ----- MBR06.xlsx Registered -----
2023/06/28 11:51:27 ----- MBR06.xlsx Registered -----
2023/06/28 11:51:27 ----- MBR06.xlsx Registered -----
2023/06/28 11:51:27 ALL Completed!
2023/06/28 11:53:30 Start... 
2023/06/28 11:53:31 ----- MBR06.xlsx Registered -----
2023/06/28 11:53:31 ----- MBR06.xlsx Registered -----
2023/06/28 11:53:31 ----- MBR06.xlsx Registered -----
2023/06/28 11:53:31 ----- MBR06.xlsx Registered -----
2023/06/28 11:53:32 ----- MBR06.xlsx Registered -----
2023/06/28 11:53:32 ----- MBR06.xlsx Registered -----
2023/06/28 11:53:32 ----- MBR06.xlsx Registered -----
2023/06/28 11:53:32 ALL Completed!
2023/06/28 11:56:55 Start... 
2023/06/28 11:56:55 ----- MBR06.xlsx Registered -----
2023/06/28 11:56:55 ALL Completed!
2023/06/28 12:01:01 Start... 
2023/06/28 12:01:01 zip: not a valid zip file
2023/06/28 12:01:37 Start... 
2023/06/28 12:01:37 ----- MBR06.xlsx Registered -----
2023/06/28 12:01:37 ALL Completed!
2023/06/28 12:02:50 Start... 
2023/06/28 12:02:50 ----- MBR06.xlsx Registered -----
2023/06/28 12:02:50 ALL Completed!
2023/06/28 15:28:49 Start... 
2023/06/28 15:28:49 ----- 売上予想MAR.xlsx Registered -----
2023/06/28 15:28:49 ----- 売上予想MBR.xlsx Registered -----
2023/06/28 15:28:50 ----- 売上予想MCL.xlsx Registered -----
2023/06/28 15:28:50 ----- 売上予想MCO.xlsx Registered -----
2023/06/28 15:28:50 ----- 売上予想MLA.xlsx Registered -----
2023/06/28 15:28:50 ----- 売上予想MMX.xlsx Registered -----
2023/06/28 15:28:51 ----- 売上予想MPE.xlsx Registered -----
2023/06/28 15:28:51 ALL Completed!
2023/06/28 15:34:55 Start... 
2023/06/28 15:34:55 ----- 売上予想MAR.xlsx Registered -----
2023/06/28 15:34:55 ----- 売上予想MBR.xlsx Registered -----
2023/06/28 15:34:55 ----- 売上予想MCL.xlsx Registered -----
2023/06/28 15:34:56 ----- 売上予想MCO.xlsx Registered -----
2023/06/28 15:34:56 ----- 売上予想MLA.xlsx Registered -----
2023/06/28 15:34:56 ----- 売上予想MMX.xlsx Registered -----
2023/06/28 15:34:56 ----- 売上予想MPE.xlsx Registered -----
2023/06/28 15:34:56 ALL Completed!
2023/06/28 15:45:40 Start... 
2023/06/28 15:45:41 ----- 売上予想MAR.xlsx Registered -----
2023/06/28 15:45:41 ----- 売上予想MBR.xlsx Registered -----
2023/06/28 15:45:41 ----- 売上予想MCL.xlsx Registered -----
2023/06/28 15:45:41 ----- 売上予想MCO.xlsx Registered -----
2023/06/28 15:45:42 ----- 売上予想MLA.xlsx Registered -----
2023/06/28 15:45:42 ----- 売上予想MMX.xlsx Registered -----
2023/06/28 15:45:42 ----- 売上予想MPE.xlsx Registered -----
2023/06/28 15:45:42 ALL Completed!
2023/06/28 16:04:27 Start... 
2023/06/28 16:04:27 ----- 売上予想MAR.xlsx Registered -----
2023/06/28 16:04:28 ----- 売上予想MBR.xlsx Registered -----
2023/06/28 16:04:28 ----- 売上予想MCL.xlsx Registered -----
2023/06/28 16:04:28 ----- 売上予想MCO.xlsx Registered -----
2023/06/28 16:04:28 ----- 売上予想MLA.xlsx Registered -----
2023/06/28 16:04:29 ----- 売上予想MMX.xlsx Registered -----
2023/06/28 16:04:29 ----- 売上予想MPE.xlsx Registered -----
2023/06/28 16:04:29 ALL Completed!
